{"/Users/jordimarti/Desktop/Dev/Crash/vue/tracking-plants/src/constants/index.js": {"path":"/Users/jordimarti/Desktop/Dev/Crash/vue/tracking-plants/src/constants/index.js","statementMap":{},"fnMap":{},"branchMap":{},"s":{},"f":{},"b":{},"_coverageSchema":"43e27e138ebf9cfc5966b082cf9a028302ed4184","hash":"03588379420b19f99885b60dc8963265868f632b"}
,"/Users/jordimarti/Desktop/Dev/Crash/vue/tracking-plants/src/constants/routes.js": {"path":"/Users/jordimarti/Desktop/Dev/Crash/vue/tracking-plants/src/constants/routes.js","statementMap":{"0":{"start":{"line":1,"column":22},"end":{"line":10,"column":1}}},"fnMap":{},"branchMap":{},"s":{"0":2},"f":{},"b":{},"_coverageSchema":"43e27e138ebf9cfc5966b082cf9a028302ed4184","hash":"159308925369e1437f8db70035de04551b4ebae4"}
,"/Users/jordimarti/Desktop/Dev/Crash/vue/tracking-plants/src/views/home/index.vue": {"path":"/Users/jordimarti/Desktop/Dev/Crash/vue/tracking-plants/src/views/home/index.vue","statementMap":{"0":{"start":{"line":7,"column":0},"end":{"line":7,"column":null}}},"fnMap":{},"branchMap":{},"s":{"0":1},"f":{},"b":{}}
,"/Users/jordimarti/Desktop/Dev/Crash/vue/tracking-plants/src/views/home/components/ListPlants.vue": {"path":"/Users/jordimarti/Desktop/Dev/Crash/vue/tracking-plants/src/views/home/components/ListPlants.vue","statementMap":{"0":{"start":{"line":21,"column":0},"end":{"line":21,"column":null}},"1":{"start":{"line":26,"column":0},"end":{"line":26,"column":null}}},"fnMap":{"0":{"name":"(anonymous_1)","decl":{"start":{"line":25,"column":0},"end":{"line":25,"column":null}},"loc":{"start":{"line":25,"column":0},"end":{"line":27,"column":null}}}},"branchMap":{},"s":{"0":2,"1":1},"f":{"0":1},"b":{}}
}
